{"/home/sorin/fullstack-open/part5/bloglist-frontend/src/App.jsx": {"path":"/home/sorin/fullstack-open/part5/bloglist-frontend/src/App.jsx","statementMap":{"0":{"start":{"line":7,"column":12},"end":{"line":138,"column":1}},"1":{"start":{"line":8,"column":26},"end":{"line":8,"column":40}},"2":{"start":{"line":9,"column":28},"end":{"line":9,"column":40}},"3":{"start":{"line":10,"column":40},"end":{"line":13,"column":4}},"4":{"start":{"line":14,"column":44},"end":{"line":17,"column":4}},"5":{"start":{"line":18,"column":40},"end":{"line":24,"column":4}},"6":{"start":{"line":26,"column":2},"end":{"line":32,"column":8}},"7":{"start":{"line":27,"column":17},"end":{"line":27,"column":80}},"8":{"start":{"line":29,"column":4},"end":{"line":31,"column":5}},"9":{"start":{"line":30,"column":6},"end":{"line":30,"column":19}},"10":{"start":{"line":34,"column":2},"end":{"line":38,"column":8}},"11":{"start":{"line":35,"column":4},"end":{"line":37,"column":5}},"12":{"start":{"line":36,"column":6},"end":{"line":36,"column":21}},"13":{"start":{"line":40,"column":27},"end":{"line":43,"column":4}},"14":{"start":{"line":40,"column":33},"end":{"line":43,"column":4}},"15":{"start":{"line":45,"column":29},"end":{"line":45,"column":113}},"16":{"start":{"line":45,"column":39},"end":{"line":45,"column":113}},"17":{"start":{"line":45,"column":56},"end":{"line":45,"column":106}},"18":{"start":{"line":46,"column":27},"end":{"line":46,"column":83}},"19":{"start":{"line":46,"column":33},"end":{"line":46,"column":83}},"20":{"start":{"line":48,"column":33},"end":{"line":48,"column":112}},"21":{"start":{"line":48,"column":49},"end":{"line":48,"column":112}},"22":{"start":{"line":49,"column":28},"end":{"line":62,"column":3}},"23":{"start":{"line":50,"column":4},"end":{"line":50,"column":22}},"24":{"start":{"line":52,"column":4},"end":{"line":61,"column":5}},"25":{"start":{"line":53,"column":19},"end":{"line":53,"column":56}},"26":{"start":{"line":54,"column":6},"end":{"line":54,"column":19}},"27":{"start":{"line":55,"column":6},"end":{"line":55,"column":79}},"28":{"start":{"line":56,"column":6},"end":{"line":56,"column":24}},"29":{"start":{"line":58,"column":6},"end":{"line":58,"column":24}},"30":{"start":{"line":59,"column":6},"end":{"line":59,"column":72}},"31":{"start":{"line":60,"column":6},"end":{"line":60,"column":33}},"32":{"start":{"line":63,"column":23},"end":{"line":66,"column":3}},"33":{"start":{"line":64,"column":4},"end":{"line":64,"column":58}},"34":{"start":{"line":65,"column":4},"end":{"line":65,"column":17}},"35":{"start":{"line":67,"column":38},"end":{"line":68,"column":67}},"36":{"start":{"line":68,"column":4},"end":{"line":68,"column":67}},"37":{"start":{"line":70,"column":37},"end":{"line":85,"column":3}},"38":{"start":{"line":71,"column":4},"end":{"line":71,"column":22}},"39":{"start":{"line":73,"column":4},"end":{"line":84,"column":5}},"40":{"start":{"line":74,"column":26},"end":{"line":74,"column":75}},"41":{"start":{"line":75,"column":20},"end":{"line":75,"column":46}},"42":{"start":{"line":76,"column":6},"end":{"line":76,"column":21}},"43":{"start":{"line":77,"column":6},"end":{"line":77,"column":24}},"44":{"start":{"line":78,"column":6},"end":{"line":78,"column":112}},"45":{"start":{"line":79,"column":6},"end":{"line":79,"column":35}},"46":{"start":{"line":81,"column":6},"end":{"line":81,"column":24}},"47":{"start":{"line":82,"column":6},"end":{"line":82,"column":78}},"48":{"start":{"line":83,"column":6},"end":{"line":83,"column":33}},"49":{"start":{"line":87,"column":26},"end":{"line":97,"column":3}},"50":{"start":{"line":88,"column":4},"end":{"line":96,"column":5}},"51":{"start":{"line":89,"column":6},"end":{"line":89,"column":46}},"52":{"start":{"line":91,"column":27},"end":{"line":91,"column":53}},"53":{"start":{"line":92,"column":6},"end":{"line":92,"column":28}},"54":{"start":{"line":94,"column":6},"end":{"line":94,"column":74}},"55":{"start":{"line":95,"column":6},"end":{"line":95,"column":33}},"56":{"start":{"line":99,"column":28},"end":{"line":112,"column":3}},"57":{"start":{"line":100,"column":4},"end":{"line":111,"column":5}},"58":{"start":{"line":101,"column":29},"end":{"line":101,"column":101}},"59":{"start":{"line":102,"column":6},"end":{"line":107,"column":7}},"60":{"start":{"line":103,"column":8},"end":{"line":103,"column":53}},"61":{"start":{"line":104,"column":8},"end":{"line":104,"column":73}},"62":{"start":{"line":104,"column":45},"end":{"line":104,"column":71}},"63":{"start":{"line":105,"column":8},"end":{"line":105,"column":98}},"64":{"start":{"line":106,"column":8},"end":{"line":106,"column":37}},"65":{"start":{"line":109,"column":6},"end":{"line":109,"column":76}},"66":{"start":{"line":110,"column":6},"end":{"line":110,"column":33}},"67":{"start":{"line":114,"column":2},"end":{"line":137,"column":3}}},"fnMap":{"0":{"name":"(anonymous_0)","decl":{"start":{"line":7,"column":12},"end":{"line":7,"column":13}},"loc":{"start":{"line":7,"column":18},"end":{"line":138,"column":1}},"line":7},"1":{"name":"(anonymous_1)","decl":{"start":{"line":26,"column":12},"end":{"line":26,"column":13}},"loc":{"start":{"line":26,"column":18},"end":{"line":32,"column":3}},"line":26},"2":{"name":"(anonymous_2)","decl":{"start":{"line":34,"column":12},"end":{"line":34,"column":13}},"loc":{"start":{"line":34,"column":18},"end":{"line":38,"column":3}},"line":34},"3":{"name":"(anonymous_3)","decl":{"start":{"line":35,"column":30},"end":{"line":35,"column":31}},"loc":{"start":{"line":36,"column":6},"end":{"line":36,"column":21}},"line":36},"4":{"name":"(anonymous_4)","decl":{"start":{"line":40,"column":27},"end":{"line":40,"column":28}},"loc":{"start":{"line":40,"column":33},"end":{"line":43,"column":4}},"line":40},"5":{"name":"(anonymous_5)","decl":{"start":{"line":45,"column":29},"end":{"line":45,"column":30}},"loc":{"start":{"line":45,"column":39},"end":{"line":45,"column":113}},"line":45},"6":{"name":"(anonymous_6)","decl":{"start":{"line":45,"column":50},"end":{"line":45,"column":51}},"loc":{"start":{"line":45,"column":56},"end":{"line":45,"column":106}},"line":45},"7":{"name":"(anonymous_7)","decl":{"start":{"line":46,"column":27},"end":{"line":46,"column":28}},"loc":{"start":{"line":46,"column":33},"end":{"line":46,"column":83}},"line":46},"8":{"name":"(anonymous_8)","decl":{"start":{"line":48,"column":33},"end":{"line":48,"column":34}},"loc":{"start":{"line":48,"column":49},"end":{"line":48,"column":112}},"line":48},"9":{"name":"(anonymous_9)","decl":{"start":{"line":49,"column":28},"end":{"line":49,"column":29}},"loc":{"start":{"line":49,"column":41},"end":{"line":62,"column":3}},"line":49},"10":{"name":"(anonymous_10)","decl":{"start":{"line":63,"column":23},"end":{"line":63,"column":24}},"loc":{"start":{"line":63,"column":29},"end":{"line":66,"column":3}},"line":63},"11":{"name":"(anonymous_11)","decl":{"start":{"line":67,"column":38},"end":{"line":67,"column":39}},"loc":{"start":{"line":68,"column":4},"end":{"line":68,"column":67}},"line":68},"12":{"name":"(anonymous_12)","decl":{"start":{"line":70,"column":37},"end":{"line":70,"column":38}},"loc":{"start":{"line":70,"column":50},"end":{"line":85,"column":3}},"line":70},"13":{"name":"(anonymous_13)","decl":{"start":{"line":87,"column":26},"end":{"line":87,"column":27}},"loc":{"start":{"line":87,"column":42},"end":{"line":97,"column":3}},"line":87},"14":{"name":"(anonymous_14)","decl":{"start":{"line":99,"column":28},"end":{"line":99,"column":29}},"loc":{"start":{"line":99,"column":43},"end":{"line":112,"column":3}},"line":99},"15":{"name":"(anonymous_15)","decl":{"start":{"line":104,"column":30},"end":{"line":104,"column":31}},"loc":{"start":{"line":104,"column":45},"end":{"line":104,"column":71}},"line":104}},"branchMap":{"0":{"loc":{"start":{"line":29,"column":4},"end":{"line":31,"column":5}},"type":"if","locations":[{"start":{"line":29,"column":4},"end":{"line":31,"column":5}},{"start":{},"end":{}}],"line":29},"1":{"loc":{"start":{"line":102,"column":6},"end":{"line":107,"column":7}},"type":"if","locations":[{"start":{"line":102,"column":6},"end":{"line":107,"column":7}},{"start":{},"end":{}}],"line":102},"2":{"loc":{"start":{"line":117,"column":8},"end":{"line":134,"column":12}},"type":"cond-expr","locations":[{"start":{"line":118,"column":12},"end":{"line":123,"column":12}},{"start":{"line":124,"column":12},"end":{"line":134,"column":12}}],"line":117}},"s":{"0":0,"1":0,"2":0,"3":0,"4":0,"5":0,"6":0,"7":0,"8":0,"9":0,"10":0,"11":0,"12":0,"13":0,"14":0,"15":0,"16":0,"17":0,"18":0,"19":0,"20":0,"21":0,"22":0,"23":0,"24":0,"25":0,"26":0,"27":0,"28":0,"29":0,"30":0,"31":0,"32":0,"33":0,"34":0,"35":0,"36":0,"37":0,"38":0,"39":0,"40":0,"41":0,"42":0,"43":0,"44":0,"45":0,"46":0,"47":0,"48":0,"49":0,"50":0,"51":0,"52":0,"53":0,"54":0,"55":0,"56":0,"57":0,"58":0,"59":0,"60":0,"61":0,"62":0,"63":0,"64":0,"65":0,"66":0,"67":0},"f":{"0":0,"1":0,"2":0,"3":0,"4":0,"5":0,"6":0,"7":0,"8":0,"9":0,"10":0,"11":0,"12":0,"13":0,"14":0,"15":0},"b":{"0":[0,0],"1":[0,0],"2":[0,0]}}
,"/home/sorin/fullstack-open/part5/bloglist-frontend/src/main.jsx": {"path":"/home/sorin/fullstack-open/part5/bloglist-frontend/src/main.jsx","statementMap":{"0":{"start":{"line":4,"column":0},"end":{"line":4,"column":68}}},"fnMap":{},"branchMap":{},"s":{"0":0},"f":{},"b":{}}
,"/home/sorin/fullstack-open/part5/bloglist-frontend/src/components/Blog.jsx": {"path":"/home/sorin/fullstack-open/part5/bloglist-frontend/src/components/Blog.jsx","statementMap":{"0":{"start":{"line":3,"column":13},"end":{"line":20,"column":1}},"1":{"start":{"line":4,"column":48},"end":{"line":4,"column":63}},"2":{"start":{"line":6,"column":2},"end":{"line":18,"column":3}},"3":{"start":{"line":8,"column":56},"end":{"line":8,"column":92}},"4":{"start":{"line":12,"column":91},"end":{"line":12,"column":108}},"5":{"start":{"line":14,"column":35},"end":{"line":14,"column":54}}},"fnMap":{"0":{"name":"(anonymous_0)","decl":{"start":{"line":3,"column":13},"end":{"line":3,"column":14}},"loc":{"start":{"line":3,"column":55},"end":{"line":20,"column":1}},"line":3},"1":{"name":"(anonymous_1)","decl":{"start":{"line":8,"column":50},"end":{"line":8,"column":51}},"loc":{"start":{"line":8,"column":56},"end":{"line":8,"column":92}},"line":8},"2":{"name":"(anonymous_2)","decl":{"start":{"line":12,"column":85},"end":{"line":12,"column":86}},"loc":{"start":{"line":12,"column":91},"end":{"line":12,"column":108}},"line":12},"3":{"name":"(anonymous_3)","decl":{"start":{"line":14,"column":29},"end":{"line":14,"column":30}},"loc":{"start":{"line":14,"column":35},"end":{"line":14,"column":54}},"line":14}},"branchMap":{"0":{"loc":{"start":{"line":8,"column":95},"end":{"line":8,"column":128}},"type":"cond-expr","locations":[{"start":{"line":8,"column":113},"end":{"line":8,"column":119}},{"start":{"line":8,"column":122},"end":{"line":8,"column":128}}],"line":8},"1":{"loc":{"start":{"line":9,"column":7},"end":{"line":15,"column":13}},"type":"binary-expr","locations":[{"start":{"line":9,"column":7},"end":{"line":9,"column":22}},{"start":{"line":10,"column":10},"end":{"line":15,"column":13}}],"line":9},"2":{"loc":{"start":{"line":13,"column":16},"end":{"line":13,"column":43}},"type":"binary-expr","locations":[{"start":{"line":13,"column":16},"end":{"line":13,"column":25}},{"start":{"line":13,"column":29},"end":{"line":13,"column":43}}],"line":13}},"s":{"0":1,"1":5,"2":5,"3":2,"4":2,"5":0},"f":{"0":5,"1":2,"2":2,"3":0},"b":{"0":[2,3],"1":[5,2],"2":[2,0]},"_coverageSchema":"1a1c01bbd47fc00a2c39e90264f33305004495a9","hash":"5c3a83eaa50b04a72bf670ed61c1e3b3270639cd"}
,"/home/sorin/fullstack-open/part5/bloglist-frontend/src/components/BlogsView.jsx": {"path":"/home/sorin/fullstack-open/part5/bloglist-frontend/src/components/BlogsView.jsx","statementMap":{"0":{"start":{"line":5,"column":25},"end":{"line":37,"column":1}},"1":{"start":{"line":7,"column":25},"end":{"line":12,"column":3}},"2":{"start":{"line":8,"column":22},"end":{"line":8,"column":32}},"3":{"start":{"line":9,"column":4},"end":{"line":9,"column":47}},"4":{"start":{"line":9,"column":29},"end":{"line":9,"column":46}},"5":{"start":{"line":11,"column":4},"end":{"line":11,"column":20}},"6":{"start":{"line":14,"column":2},"end":{"line":36,"column":3}},"7":{"start":{"line":34,"column":37},"end":{"line":34,"column":126}},"8":{"start":{"line":39,"column":0},"end":{"line":49,"column":1}}},"fnMap":{"0":{"name":"(anonymous_0)","decl":{"start":{"line":5,"column":25},"end":{"line":5,"column":26}},"loc":{"start":{"line":5,"column":142},"end":{"line":37,"column":1}},"line":5},"1":{"name":"(anonymous_1)","decl":{"start":{"line":7,"column":25},"end":{"line":7,"column":26}},"loc":{"start":{"line":7,"column":31},"end":{"line":12,"column":3}},"line":7},"2":{"name":"(anonymous_2)","decl":{"start":{"line":9,"column":19},"end":{"line":9,"column":20}},"loc":{"start":{"line":9,"column":29},"end":{"line":9,"column":46}},"line":9},"3":{"name":"(anonymous_3)","decl":{"start":{"line":34,"column":29},"end":{"line":34,"column":30}},"loc":{"start":{"line":34,"column":37},"end":{"line":34,"column":126}},"line":34}},"branchMap":{"0":{"loc":{"start":{"line":21,"column":7},"end":{"line":23,"column":12}},"type":"binary-expr","locations":[{"start":{"line":21,"column":7},"end":{"line":21,"column":26}},{"start":{"line":21,"column":30},"end":{"line":23,"column":12}}],"line":21},"1":{"loc":{"start":{"line":24,"column":7},"end":{"line":26,"column":12}},"type":"binary-expr","locations":[{"start":{"line":24,"column":7},"end":{"line":24,"column":28}},{"start":{"line":24,"column":32},"end":{"line":26,"column":12}}],"line":24}},"s":{"0":0,"1":0,"2":0,"3":0,"4":0,"5":0,"6":0,"7":0,"8":0},"f":{"0":0,"1":0,"2":0,"3":0},"b":{"0":[0,0],"1":[0,0]}}
,"/home/sorin/fullstack-open/part5/bloglist-frontend/src/components/CreateBlogView.jsx": {"path":"/home/sorin/fullstack-open/part5/bloglist-frontend/src/components/CreateBlogView.jsx","statementMap":{"0":{"start":{"line":3,"column":30},"end":{"line":40,"column":1}},"1":{"start":{"line":4,"column":46},"end":{"line":4,"column":61}},"2":{"start":{"line":6,"column":2},"end":{"line":10,"column":3}},"3":{"start":{"line":7,"column":4},"end":{"line":9,"column":13}},"4":{"start":{"line":7,"column":34},"end":{"line":7,"column":57}},"5":{"start":{"line":12,"column":23},"end":{"line":15,"column":3}},"6":{"start":{"line":13,"column":4},"end":{"line":13,"column":15}},"7":{"start":{"line":14,"column":4},"end":{"line":14,"column":28}},"8":{"start":{"line":17,"column":2},"end":{"line":39,"column":3}},"9":{"start":{"line":37,"column":29},"end":{"line":37,"column":53}}},"fnMap":{"0":{"name":"(anonymous_0)","decl":{"start":{"line":3,"column":30},"end":{"line":3,"column":31}},"loc":{"start":{"line":3,"column":83},"end":{"line":40,"column":1}},"line":3},"1":{"name":"(anonymous_1)","decl":{"start":{"line":7,"column":28},"end":{"line":7,"column":29}},"loc":{"start":{"line":7,"column":34},"end":{"line":7,"column":57}},"line":7},"2":{"name":"(anonymous_2)","decl":{"start":{"line":12,"column":23},"end":{"line":12,"column":24}},"loc":{"start":{"line":12,"column":30},"end":{"line":15,"column":3}},"line":12},"3":{"name":"(anonymous_3)","decl":{"start":{"line":37,"column":23},"end":{"line":37,"column":24}},"loc":{"start":{"line":37,"column":29},"end":{"line":37,"column":53}},"line":37}},"branchMap":{"0":{"loc":{"start":{"line":6,"column":2},"end":{"line":10,"column":3}},"type":"if","locations":[{"start":{"line":6,"column":2},"end":{"line":10,"column":3}},{"start":{},"end":{}}],"line":6}},"s":{"0":1,"1":3,"2":3,"3":2,"4":1,"5":1,"6":1,"7":1,"8":1,"9":0},"f":{"0":3,"1":1,"2":1,"3":0},"b":{"0":[2,1]},"_coverageSchema":"1a1c01bbd47fc00a2c39e90264f33305004495a9","hash":"9c3567056a953ceea0d5347b198e5355152c3caf"}
,"/home/sorin/fullstack-open/part5/bloglist-frontend/src/components/LoginView.jsx": {"path":"/home/sorin/fullstack-open/part5/bloglist-frontend/src/components/LoginView.jsx","statementMap":{"0":{"start":{"line":1,"column":25},"end":{"line":28,"column":1}},"1":{"start":{"line":7,"column":2},"end":{"line":27,"column":3}}},"fnMap":{"0":{"name":"(anonymous_0)","decl":{"start":{"line":1,"column":25},"end":{"line":1,"column":26}},"loc":{"start":{"line":6,"column":6},"end":{"line":28,"column":1}},"line":6}},"branchMap":{"0":{"loc":{"start":{"line":10,"column":7},"end":{"line":12,"column":12}},"type":"binary-expr","locations":[{"start":{"line":10,"column":7},"end":{"line":10,"column":26}},{"start":{"line":10,"column":30},"end":{"line":12,"column":12}}],"line":10}},"s":{"0":0,"1":0},"f":{"0":0},"b":{"0":[0,0]}}
,"/home/sorin/fullstack-open/part5/bloglist-frontend/src/services/blogs.js": {"path":"/home/sorin/fullstack-open/part5/bloglist-frontend/src/services/blogs.js","statementMap":{"0":{"start":{"line":2,"column":16},"end":{"line":2,"column":28}},"1":{"start":{"line":4,"column":15},"end":{"line":7,"column":1}},"2":{"start":{"line":5,"column":19},"end":{"line":5,"column":43}},"3":{"start":{"line":6,"column":2},"end":{"line":6,"column":22}},"4":{"start":{"line":9,"column":15},"end":{"line":16,"column":1}},"5":{"start":{"line":10,"column":17},"end":{"line":12,"column":3}},"6":{"start":{"line":14,"column":19},"end":{"line":14,"column":58}},"7":{"start":{"line":15,"column":2},"end":{"line":15,"column":22}},"8":{"start":{"line":18,"column":13},"end":{"line":30,"column":1}},"9":{"start":{"line":19,"column":17},"end":{"line":21,"column":3}},"10":{"start":{"line":23,"column":18},"end":{"line":26,"column":3}},"11":{"start":{"line":28,"column":19},"end":{"line":28,"column":76}},"12":{"start":{"line":29,"column":2},"end":{"line":29,"column":22}},"13":{"start":{"line":32,"column":15},"end":{"line":39,"column":1}},"14":{"start":{"line":33,"column":17},"end":{"line":35,"column":3}},"15":{"start":{"line":37,"column":19},"end":{"line":37,"column":69}},"16":{"start":{"line":38,"column":2},"end":{"line":38,"column":22}}},"fnMap":{"0":{"name":"(anonymous_0)","decl":{"start":{"line":4,"column":15},"end":{"line":4,"column":16}},"loc":{"start":{"line":4,"column":27},"end":{"line":7,"column":1}},"line":4},"1":{"name":"(anonymous_1)","decl":{"start":{"line":9,"column":15},"end":{"line":9,"column":16}},"loc":{"start":{"line":9,"column":38},"end":{"line":16,"column":1}},"line":9},"2":{"name":"(anonymous_2)","decl":{"start":{"line":18,"column":13},"end":{"line":18,"column":14}},"loc":{"start":{"line":18,"column":36},"end":{"line":30,"column":1}},"line":18},"3":{"name":"(anonymous_3)","decl":{"start":{"line":32,"column":15},"end":{"line":32,"column":16}},"loc":{"start":{"line":32,"column":40},"end":{"line":39,"column":1}},"line":32}},"branchMap":{},"s":{"0":0,"1":0,"2":0,"3":0,"4":0,"5":0,"6":0,"7":0,"8":0,"9":0,"10":0,"11":0,"12":0,"13":0,"14":0,"15":0,"16":0},"f":{"0":0,"1":0,"2":0,"3":0},"b":{}}
,"/home/sorin/fullstack-open/part5/bloglist-frontend/src/services/login.js": {"path":"/home/sorin/fullstack-open/part5/bloglist-frontend/src/services/login.js","statementMap":{"0":{"start":{"line":2,"column":16},"end":{"line":2,"column":28}},"1":{"start":{"line":6,"column":14},"end":{"line":10,"column":1}},"2":{"start":{"line":7,"column":19},"end":{"line":7,"column":57}},"3":{"start":{"line":9,"column":2},"end":{"line":9,"column":22}}},"fnMap":{"0":{"name":"(anonymous_0)","decl":{"start":{"line":6,"column":14},"end":{"line":6,"column":15}},"loc":{"start":{"line":6,"column":30},"end":{"line":10,"column":1}},"line":6}},"branchMap":{},"s":{"0":0,"1":0,"2":0,"3":0},"f":{"0":0},"b":{}}
,"/home/sorin/fullstack-open/part5/bloglist-frontend/src/services/users.js": {"path":"/home/sorin/fullstack-open/part5/bloglist-frontend/src/services/users.js","statementMap":{"0":{"start":{"line":2,"column":16},"end":{"line":2,"column":28}},"1":{"start":{"line":4,"column":15},"end":{"line":7,"column":1}},"2":{"start":{"line":5,"column":19},"end":{"line":5,"column":43}},"3":{"start":{"line":6,"column":2},"end":{"line":6,"column":22}}},"fnMap":{"0":{"name":"(anonymous_0)","decl":{"start":{"line":4,"column":15},"end":{"line":4,"column":16}},"loc":{"start":{"line":4,"column":27},"end":{"line":7,"column":1}},"line":4}},"branchMap":{},"s":{"0":0,"1":0,"2":0,"3":0},"f":{"0":0},"b":{}}
}
